<?xml version="1.0" encoding="UTF-8"?>
<testng-results skipped="0" failed="0" ignored="0" total="2" passed="2">
  <reporter-output>
  </reporter-output>
  <suite name="Suite" duration-ms="35387" started-at="2019-07-07T04:59:41Z" finished-at="2019-07-07T05:00:16Z">
    <groups>
    </groups>
    <test name="Test" duration-ms="35387" started-at="2019-07-07T04:59:41Z" finished-at="2019-07-07T05:00:16Z">
      <class name="tests.TC001_CreateLead">
        <test-method status="PASS" signature="setData()[pri:0, instance:tests.TC001_CreateLead@f6c48ac]" name="setData" is-config="true" duration-ms="80" started-at="2019-07-07T04:59:41Z" finished-at="2019-07-07T04:59:41Z">
          <reporter-output>
          </reporter-output>
        </test-method> <!-- setData -->
        <test-method status="PASS" signature="login(java.lang.String, java.lang.String, java.lang.String)[pri:0, instance:tests.TC001_CreateLead@f6c48ac]" name="login" is-config="true" duration-ms="8727" started-at="2019-07-07T04:59:44Z" finished-at="2019-07-07T04:59:53Z">
          <params>
            <param index="0">
              <value>
                <![CDATA[http://leaftaps.com/opentaps/]]>
              </value>
            </param>
            <param index="1">
              <value>
                <![CDATA[DemoSalesManager]]>
              </value>
            </param>
            <param index="2">
              <value>
                <![CDATA[crmsfa]]>
              </value>
            </param>
          </params>
          <reporter-output>
          </reporter-output>
        </test-method> <!-- login -->
        <test-method status="PASS" signature="createLeadTest(java.lang.String, java.lang.String, java.lang.String)[pri:0, instance:tests.TC001_CreateLead@f6c48ac]" name="createLeadTest" duration-ms="6059" started-at="2019-07-07T04:59:53Z" data-provider="fetchData" finished-at="2019-07-07T04:59:59Z">
          <params>
            <param index="0">
              <value>
                <![CDATA[TestLeaf]]>
              </value>
            </param>
            <param index="1">
              <value>
                <![CDATA[Babu]]>
              </value>
            </param>
            <param index="2">
              <value>
                <![CDATA[M]]>
              </value>
            </param>
          </params>
          <reporter-output>
          </reporter-output>
        </test-method> <!-- createLeadTest -->
        <test-method status="PASS" signature="closeBrowser()[pri:0, instance:tests.TC001_CreateLead@f6c48ac]" name="closeBrowser" is-config="true" duration-ms="2418" started-at="2019-07-07T04:59:59Z" finished-at="2019-07-07T05:00:01Z">
          <reporter-output>
          </reporter-output>
        </test-method> <!-- closeBrowser -->
        <test-method status="PASS" signature="login(java.lang.String, java.lang.String, java.lang.String)[pri:0, instance:tests.TC001_CreateLead@f6c48ac]" name="login" is-config="true" duration-ms="6955" started-at="2019-07-07T05:00:01Z" finished-at="2019-07-07T05:00:08Z">
          <params>
            <param index="0">
              <value>
                <![CDATA[http://leaftaps.com/opentaps/]]>
              </value>
            </param>
            <param index="1">
              <value>
                <![CDATA[DemoSalesManager]]>
              </value>
            </param>
            <param index="2">
              <value>
                <![CDATA[crmsfa]]>
              </value>
            </param>
          </params>
          <reporter-output>
          </reporter-output>
        </test-method> <!-- login -->
        <test-method status="PASS" signature="createLeadTest(java.lang.String, java.lang.String, java.lang.String)[pri:0, instance:tests.TC001_CreateLead@f6c48ac]" name="createLeadTest" duration-ms="5852" started-at="2019-07-07T05:00:08Z" data-provider="fetchData" finished-at="2019-07-07T05:00:14Z">
          <params>
            <param index="0">
              <value>
                <![CDATA[TestLeaf]]>
              </value>
            </param>
            <param index="1">
              <value>
                <![CDATA[Sharath]]>
              </value>
            </param>
            <param index="2">
              <value>
                <![CDATA[M]]>
              </value>
            </param>
          </params>
          <reporter-output>
          </reporter-output>
        </test-method> <!-- createLeadTest -->
        <test-method status="PASS" signature="closeBrowser()[pri:0, instance:tests.TC001_CreateLead@f6c48ac]" name="closeBrowser" is-config="true" duration-ms="2387" started-at="2019-07-07T05:00:14Z" finished-at="2019-07-07T05:00:16Z">
          <reporter-output>
          </reporter-output>
        </test-method> <!-- closeBrowser -->
      </class> <!-- tests.TC001_CreateLead -->
    </test> <!-- Test -->
  </suite> <!-- Suite -->
</testng-results>
